2025-04-17 15:31:50,746 - root - ERROR - HATA (show_filtered_data): There are multiple `number_input` elements with the same auto-generated ID. When this element is created, it is assigned an internal ID based on the element type and provided parameters. Multiple elements with the same type and parameters will cause this error.

To fix this error, please pass a unique `key` argument to the `number_input` element.
Traceback (most recent call last):
  File "/Users/bugragrms/PycharmProjects/Finance-Report/utils/error_handler.py", line 56, in wrapper
    return func(*args, **kwargs)
           ^^^^^^^^^^^^^^^^^^^^^
  File "/Users/bugragrms/PycharmProjects/Finance-Report/utils/data_preview.py", line 53, in show_filtered_data
    page = st.number_input(
           ^^^^^^^^^^^^^^^^
  File "/Users/bugragrms/miniconda3/envs/PyCharmMiscProject/lib/python3.12/site-packages/streamlit/runtime/metrics_util.py", line 410, in wrapped_func
    result = non_optional_func(*args, **kwargs)
             ^^^^^^^^^^^^^^^^^^^^^^^^^^^^^^^^^^
  File "/Users/bugragrms/miniconda3/envs/PyCharmMiscProject/lib/python3.12/site-packages/streamlit/elements/widgets/number_input.py", line 324, in number_input
    return self._number_input(
           ^^^^^^^^^^^^^^^^^^^
  File "/Users/bugragrms/miniconda3/envs/PyCharmMiscProject/lib/python3.12/site-packages/streamlit/elements/widgets/number_input.py", line 371, in _number_input
    element_id = compute_and_register_element_id(
                 ^^^^^^^^^^^^^^^^^^^^^^^^^^^^^^^^
  File "/Users/bugragrms/miniconda3/envs/PyCharmMiscProject/lib/python3.12/site-packages/streamlit/elements/lib/utils.py", line 239, in compute_and_register_element_id
    _register_element_id(ctx, element_type, element_id)
  File "/Users/bugragrms/miniconda3/envs/PyCharmMiscProject/lib/python3.12/site-packages/streamlit/elements/lib/utils.py", line 145, in _register_element_id
    raise StreamlitDuplicateElementId(element_type)
streamlit.errors.StreamlitDuplicateElementId: There are multiple `number_input` elements with the same auto-generated ID. When this element is created, it is assigned an internal ID based on the element type and provided parameters. Multiple elements with the same type and parameters will cause this error.

To fix this error, please pass a unique `key` argument to the `number_input` element.

2025-04-17 15:31:50,753 - root - ERROR - HATA (show_filtered_data): The `value` 0 is greater than the `max_value` -1.
Traceback (most recent call last):
  File "/Users/bugragrms/PycharmProjects/Finance-Report/utils/error_handler.py", line 56, in wrapper
    return func(*args, **kwargs)
           ^^^^^^^^^^^^^^^^^^^^^
  File "/Users/bugragrms/PycharmProjects/Finance-Report/utils/data_preview.py", line 53, in show_filtered_data
    page = st.number_input(
           ^^^^^^^^^^^^^^^^
  File "/Users/bugragrms/miniconda3/envs/PyCharmMiscProject/lib/python3.12/site-packages/streamlit/runtime/metrics_util.py", line 410, in wrapped_func
    result = non_optional_func(*args, **kwargs)
             ^^^^^^^^^^^^^^^^^^^^^^^^^^^^^^^^^^
  File "/Users/bugragrms/miniconda3/envs/PyCharmMiscProject/lib/python3.12/site-packages/streamlit/elements/widgets/number_input.py", line 324, in number_input
    return self._number_input(
           ^^^^^^^^^^^^^^^^^^^
  File "/Users/bugragrms/miniconda3/envs/PyCharmMiscProject/lib/python3.12/site-packages/streamlit/elements/widgets/number_input.py", line 460, in _number_input
    raise StreamlitValueAboveMaxError(value=value, max_value=max_value)
streamlit.errors.StreamlitValueAboveMaxError: The `value` 0 is greater than the `max_value` -1.

2025-04-17 15:31:50,754 - root - ERROR - HATA (show_filtered_data): There are multiple `number_input` elements with the same auto-generated ID. When this element is created, it is assigned an internal ID based on the element type and provided parameters. Multiple elements with the same type and parameters will cause this error.

To fix this error, please pass a unique `key` argument to the `number_input` element.
Traceback (most recent call last):
  File "/Users/bugragrms/PycharmProjects/Finance-Report/utils/error_handler.py", line 56, in wrapper
    return func(*args, **kwargs)
           ^^^^^^^^^^^^^^^^^^^^^
  File "/Users/bugragrms/PycharmProjects/Finance-Report/utils/data_preview.py", line 53, in show_filtered_data
    page = st.number_input(
           ^^^^^^^^^^^^^^^^
  File "/Users/bugragrms/miniconda3/envs/PyCharmMiscProject/lib/python3.12/site-packages/streamlit/runtime/metrics_util.py", line 410, in wrapped_func
    result = non_optional_func(*args, **kwargs)
             ^^^^^^^^^^^^^^^^^^^^^^^^^^^^^^^^^^
  File "/Users/bugragrms/miniconda3/envs/PyCharmMiscProject/lib/python3.12/site-packages/streamlit/elements/widgets/number_input.py", line 324, in number_input
    return self._number_input(
           ^^^^^^^^^^^^^^^^^^^
  File "/Users/bugragrms/miniconda3/envs/PyCharmMiscProject/lib/python3.12/site-packages/streamlit/elements/widgets/number_input.py", line 371, in _number_input
    element_id = compute_and_register_element_id(
                 ^^^^^^^^^^^^^^^^^^^^^^^^^^^^^^^^
  File "/Users/bugragrms/miniconda3/envs/PyCharmMiscProject/lib/python3.12/site-packages/streamlit/elements/lib/utils.py", line 239, in compute_and_register_element_id
    _register_element_id(ctx, element_type, element_id)
  File "/Users/bugragrms/miniconda3/envs/PyCharmMiscProject/lib/python3.12/site-packages/streamlit/elements/lib/utils.py", line 145, in _register_element_id
    raise StreamlitDuplicateElementId(element_type)
streamlit.errors.StreamlitDuplicateElementId: There are multiple `number_input` elements with the same auto-generated ID. When this element is created, it is assigned an internal ID based on the element type and provided parameters. Multiple elements with the same type and parameters will cause this error.

To fix this error, please pass a unique `key` argument to the `number_input` element.

2025-04-17 15:31:50,759 - root - ERROR - HATA (show_filtered_data): There are multiple `number_input` elements with the same auto-generated ID. When this element is created, it is assigned an internal ID based on the element type and provided parameters. Multiple elements with the same type and parameters will cause this error.

To fix this error, please pass a unique `key` argument to the `number_input` element.
Traceback (most recent call last):
  File "/Users/bugragrms/PycharmProjects/Finance-Report/utils/error_handler.py", line 56, in wrapper
    return func(*args, **kwargs)
           ^^^^^^^^^^^^^^^^^^^^^
  File "/Users/bugragrms/PycharmProjects/Finance-Report/utils/data_preview.py", line 53, in show_filtered_data
    page = st.number_input(
           ^^^^^^^^^^^^^^^^
  File "/Users/bugragrms/miniconda3/envs/PyCharmMiscProject/lib/python3.12/site-packages/streamlit/runtime/metrics_util.py", line 410, in wrapped_func
    result = non_optional_func(*args, **kwargs)
             ^^^^^^^^^^^^^^^^^^^^^^^^^^^^^^^^^^
  File "/Users/bugragrms/miniconda3/envs/PyCharmMiscProject/lib/python3.12/site-packages/streamlit/elements/widgets/number_input.py", line 324, in number_input
    return self._number_input(
           ^^^^^^^^^^^^^^^^^^^
  File "/Users/bugragrms/miniconda3/envs/PyCharmMiscProject/lib/python3.12/site-packages/streamlit/elements/widgets/number_input.py", line 371, in _number_input
    element_id = compute_and_register_element_id(
                 ^^^^^^^^^^^^^^^^^^^^^^^^^^^^^^^^
  File "/Users/bugragrms/miniconda3/envs/PyCharmMiscProject/lib/python3.12/site-packages/streamlit/elements/lib/utils.py", line 239, in compute_and_register_element_id
    _register_element_id(ctx, element_type, element_id)
  File "/Users/bugragrms/miniconda3/envs/PyCharmMiscProject/lib/python3.12/site-packages/streamlit/elements/lib/utils.py", line 145, in _register_element_id
    raise StreamlitDuplicateElementId(element_type)
streamlit.errors.StreamlitDuplicateElementId: There are multiple `number_input` elements with the same auto-generated ID. When this element is created, it is assigned an internal ID based on the element type and provided parameters. Multiple elements with the same type and parameters will cause this error.

To fix this error, please pass a unique `key` argument to the `number_input` element.

2025-04-17 15:31:50,770 - root - ERROR - HATA (show_filtered_data): There are multiple `number_input` elements with the same auto-generated ID. When this element is created, it is assigned an internal ID based on the element type and provided parameters. Multiple elements with the same type and parameters will cause this error.

To fix this error, please pass a unique `key` argument to the `number_input` element.
Traceback (most recent call last):
  File "/Users/bugragrms/PycharmProjects/Finance-Report/utils/error_handler.py", line 56, in wrapper
    return func(*args, **kwargs)
           ^^^^^^^^^^^^^^^^^^^^^
  File "/Users/bugragrms/PycharmProjects/Finance-Report/utils/data_preview.py", line 53, in show_filtered_data
    page = st.number_input(
           ^^^^^^^^^^^^^^^^
  File "/Users/bugragrms/miniconda3/envs/PyCharmMiscProject/lib/python3.12/site-packages/streamlit/runtime/metrics_util.py", line 410, in wrapped_func
    result = non_optional_func(*args, **kwargs)
             ^^^^^^^^^^^^^^^^^^^^^^^^^^^^^^^^^^
  File "/Users/bugragrms/miniconda3/envs/PyCharmMiscProject/lib/python3.12/site-packages/streamlit/elements/widgets/number_input.py", line 324, in number_input
    return self._number_input(
           ^^^^^^^^^^^^^^^^^^^
  File "/Users/bugragrms/miniconda3/envs/PyCharmMiscProject/lib/python3.12/site-packages/streamlit/elements/widgets/number_input.py", line 371, in _number_input
    element_id = compute_and_register_element_id(
                 ^^^^^^^^^^^^^^^^^^^^^^^^^^^^^^^^
  File "/Users/bugragrms/miniconda3/envs/PyCharmMiscProject/lib/python3.12/site-packages/streamlit/elements/lib/utils.py", line 239, in compute_and_register_element_id
    _register_element_id(ctx, element_type, element_id)
  File "/Users/bugragrms/miniconda3/envs/PyCharmMiscProject/lib/python3.12/site-packages/streamlit/elements/lib/utils.py", line 145, in _register_element_id
    raise StreamlitDuplicateElementId(element_type)
streamlit.errors.StreamlitDuplicateElementId: There are multiple `number_input` elements with the same auto-generated ID. When this element is created, it is assigned an internal ID based on the element type and provided parameters. Multiple elements with the same type and parameters will cause this error.

To fix this error, please pass a unique `key` argument to the `number_input` element.

2025-04-17 15:31:50,777 - root - ERROR - HATA (show_filtered_data): There are multiple `number_input` elements with the same auto-generated ID. When this element is created, it is assigned an internal ID based on the element type and provided parameters. Multiple elements with the same type and parameters will cause this error.

To fix this error, please pass a unique `key` argument to the `number_input` element.
Traceback (most recent call last):
  File "/Users/bugragrms/PycharmProjects/Finance-Report/utils/error_handler.py", line 56, in wrapper
    return func(*args, **kwargs)
           ^^^^^^^^^^^^^^^^^^^^^
  File "/Users/bugragrms/PycharmProjects/Finance-Report/utils/data_preview.py", line 53, in show_filtered_data
    page = st.number_input(
           ^^^^^^^^^^^^^^^^
  File "/Users/bugragrms/miniconda3/envs/PyCharmMiscProject/lib/python3.12/site-packages/streamlit/runtime/metrics_util.py", line 410, in wrapped_func
    result = non_optional_func(*args, **kwargs)
             ^^^^^^^^^^^^^^^^^^^^^^^^^^^^^^^^^^
  File "/Users/bugragrms/miniconda3/envs/PyCharmMiscProject/lib/python3.12/site-packages/streamlit/elements/widgets/number_input.py", line 324, in number_input
    return self._number_input(
           ^^^^^^^^^^^^^^^^^^^
  File "/Users/bugragrms/miniconda3/envs/PyCharmMiscProject/lib/python3.12/site-packages/streamlit/elements/widgets/number_input.py", line 371, in _number_input
    element_id = compute_and_register_element_id(
                 ^^^^^^^^^^^^^^^^^^^^^^^^^^^^^^^^
  File "/Users/bugragrms/miniconda3/envs/PyCharmMiscProject/lib/python3.12/site-packages/streamlit/elements/lib/utils.py", line 239, in compute_and_register_element_id
    _register_element_id(ctx, element_type, element_id)
  File "/Users/bugragrms/miniconda3/envs/PyCharmMiscProject/lib/python3.12/site-packages/streamlit/elements/lib/utils.py", line 145, in _register_element_id
    raise StreamlitDuplicateElementId(element_type)
streamlit.errors.StreamlitDuplicateElementId: There are multiple `number_input` elements with the same auto-generated ID. When this element is created, it is assigned an internal ID based on the element type and provided parameters. Multiple elements with the same type and parameters will cause this error.

To fix this error, please pass a unique `key` argument to the `number_input` element.

2025-04-17 15:31:50,783 - root - ERROR - HATA (show_filtered_data): There are multiple `number_input` elements with the same auto-generated ID. When this element is created, it is assigned an internal ID based on the element type and provided parameters. Multiple elements with the same type and parameters will cause this error.

To fix this error, please pass a unique `key` argument to the `number_input` element.
Traceback (most recent call last):
  File "/Users/bugragrms/PycharmProjects/Finance-Report/utils/error_handler.py", line 56, in wrapper
    return func(*args, **kwargs)
           ^^^^^^^^^^^^^^^^^^^^^
  File "/Users/bugragrms/PycharmProjects/Finance-Report/utils/data_preview.py", line 53, in show_filtered_data
    page = st.number_input(
           ^^^^^^^^^^^^^^^^
  File "/Users/bugragrms/miniconda3/envs/PyCharmMiscProject/lib/python3.12/site-packages/streamlit/runtime/metrics_util.py", line 410, in wrapped_func
    result = non_optional_func(*args, **kwargs)
             ^^^^^^^^^^^^^^^^^^^^^^^^^^^^^^^^^^
  File "/Users/bugragrms/miniconda3/envs/PyCharmMiscProject/lib/python3.12/site-packages/streamlit/elements/widgets/number_input.py", line 324, in number_input
    return self._number_input(
           ^^^^^^^^^^^^^^^^^^^
  File "/Users/bugragrms/miniconda3/envs/PyCharmMiscProject/lib/python3.12/site-packages/streamlit/elements/widgets/number_input.py", line 371, in _number_input
    element_id = compute_and_register_element_id(
                 ^^^^^^^^^^^^^^^^^^^^^^^^^^^^^^^^
  File "/Users/bugragrms/miniconda3/envs/PyCharmMiscProject/lib/python3.12/site-packages/streamlit/elements/lib/utils.py", line 239, in compute_and_register_element_id
    _register_element_id(ctx, element_type, element_id)
  File "/Users/bugragrms/miniconda3/envs/PyCharmMiscProject/lib/python3.12/site-packages/streamlit/elements/lib/utils.py", line 145, in _register_element_id
    raise StreamlitDuplicateElementId(element_type)
streamlit.errors.StreamlitDuplicateElementId: There are multiple `number_input` elements with the same auto-generated ID. When this element is created, it is assigned an internal ID based on the element type and provided parameters. Multiple elements with the same type and parameters will cause this error.

To fix this error, please pass a unique `key` argument to the `number_input` element.

2025-04-17 15:31:51,910 - root - ERROR - HATA (show_filtered_data): There are multiple `number_input` elements with the same auto-generated ID. When this element is created, it is assigned an internal ID based on the element type and provided parameters. Multiple elements with the same type and parameters will cause this error.

To fix this error, please pass a unique `key` argument to the `number_input` element.
Traceback (most recent call last):
  File "/Users/bugragrms/PycharmProjects/Finance-Report/utils/error_handler.py", line 56, in wrapper
    return func(*args, **kwargs)
           ^^^^^^^^^^^^^^^^^^^^^
  File "/Users/bugragrms/PycharmProjects/Finance-Report/utils/data_preview.py", line 53, in show_filtered_data
    page = st.number_input(
           ^^^^^^^^^^^^^^^^
  File "/Users/bugragrms/miniconda3/envs/PyCharmMiscProject/lib/python3.12/site-packages/streamlit/runtime/metrics_util.py", line 410, in wrapped_func
    result = non_optional_func(*args, **kwargs)
             ^^^^^^^^^^^^^^^^^^^^^^^^^^^^^^^^^^
  File "/Users/bugragrms/miniconda3/envs/PyCharmMiscProject/lib/python3.12/site-packages/streamlit/elements/widgets/number_input.py", line 324, in number_input
    return self._number_input(
           ^^^^^^^^^^^^^^^^^^^
  File "/Users/bugragrms/miniconda3/envs/PyCharmMiscProject/lib/python3.12/site-packages/streamlit/elements/widgets/number_input.py", line 371, in _number_input
    element_id = compute_and_register_element_id(
                 ^^^^^^^^^^^^^^^^^^^^^^^^^^^^^^^^
  File "/Users/bugragrms/miniconda3/envs/PyCharmMiscProject/lib/python3.12/site-packages/streamlit/elements/lib/utils.py", line 239, in compute_and_register_element_id
    _register_element_id(ctx, element_type, element_id)
  File "/Users/bugragrms/miniconda3/envs/PyCharmMiscProject/lib/python3.12/site-packages/streamlit/elements/lib/utils.py", line 145, in _register_element_id
    raise StreamlitDuplicateElementId(element_type)
streamlit.errors.StreamlitDuplicateElementId: There are multiple `number_input` elements with the same auto-generated ID. When this element is created, it is assigned an internal ID based on the element type and provided parameters. Multiple elements with the same type and parameters will cause this error.

To fix this error, please pass a unique `key` argument to the `number_input` element.

2025-04-17 15:31:51,913 - root - ERROR - HATA (show_filtered_data): There are multiple `number_input` elements with the same auto-generated ID. When this element is created, it is assigned an internal ID based on the element type and provided parameters. Multiple elements with the same type and parameters will cause this error.

To fix this error, please pass a unique `key` argument to the `number_input` element.
Traceback (most recent call last):
  File "/Users/bugragrms/PycharmProjects/Finance-Report/utils/error_handler.py", line 56, in wrapper
    return func(*args, **kwargs)
           ^^^^^^^^^^^^^^^^^^^^^
  File "/Users/bugragrms/PycharmProjects/Finance-Report/utils/data_preview.py", line 53, in show_filtered_data
    page = st.number_input(
           ^^^^^^^^^^^^^^^^
  File "/Users/bugragrms/miniconda3/envs/PyCharmMiscProject/lib/python3.12/site-packages/streamlit/runtime/metrics_util.py", line 410, in wrapped_func
    result = non_optional_func(*args, **kwargs)
             ^^^^^^^^^^^^^^^^^^^^^^^^^^^^^^^^^^
  File "/Users/bugragrms/miniconda3/envs/PyCharmMiscProject/lib/python3.12/site-packages/streamlit/elements/widgets/number_input.py", line 324, in number_input
    return self._number_input(
           ^^^^^^^^^^^^^^^^^^^
  File "/Users/bugragrms/miniconda3/envs/PyCharmMiscProject/lib/python3.12/site-packages/streamlit/elements/widgets/number_input.py", line 371, in _number_input
    element_id = compute_and_register_element_id(
                 ^^^^^^^^^^^^^^^^^^^^^^^^^^^^^^^^
  File "/Users/bugragrms/miniconda3/envs/PyCharmMiscProject/lib/python3.12/site-packages/streamlit/elements/lib/utils.py", line 239, in compute_and_register_element_id
    _register_element_id(ctx, element_type, element_id)
  File "/Users/bugragrms/miniconda3/envs/PyCharmMiscProject/lib/python3.12/site-packages/streamlit/elements/lib/utils.py", line 145, in _register_element_id
    raise StreamlitDuplicateElementId(element_type)
streamlit.errors.StreamlitDuplicateElementId: There are multiple `number_input` elements with the same auto-generated ID. When this element is created, it is assigned an internal ID based on the element type and provided parameters. Multiple elements with the same type and parameters will cause this error.

To fix this error, please pass a unique `key` argument to the `number_input` element.

2025-04-17 15:31:51,915 - root - ERROR - HATA (show_filtered_data): There are multiple `number_input` elements with the same auto-generated ID. When this element is created, it is assigned an internal ID based on the element type and provided parameters. Multiple elements with the same type and parameters will cause this error.

To fix this error, please pass a unique `key` argument to the `number_input` element.
Traceback (most recent call last):
  File "/Users/bugragrms/PycharmProjects/Finance-Report/utils/error_handler.py", line 56, in wrapper
    return func(*args, **kwargs)
           ^^^^^^^^^^^^^^^^^^^^^
  File "/Users/bugragrms/PycharmProjects/Finance-Report/utils/data_preview.py", line 53, in show_filtered_data
    page = st.number_input(
           ^^^^^^^^^^^^^^^^
  File "/Users/bugragrms/miniconda3/envs/PyCharmMiscProject/lib/python3.12/site-packages/streamlit/runtime/metrics_util.py", line 410, in wrapped_func
    result = non_optional_func(*args, **kwargs)
             ^^^^^^^^^^^^^^^^^^^^^^^^^^^^^^^^^^
  File "/Users/bugragrms/miniconda3/envs/PyCharmMiscProject/lib/python3.12/site-packages/streamlit/elements/widgets/number_input.py", line 324, in number_input
    return self._number_input(
           ^^^^^^^^^^^^^^^^^^^
  File "/Users/bugragrms/miniconda3/envs/PyCharmMiscProject/lib/python3.12/site-packages/streamlit/elements/widgets/number_input.py", line 371, in _number_input
    element_id = compute_and_register_element_id(
                 ^^^^^^^^^^^^^^^^^^^^^^^^^^^^^^^^
  File "/Users/bugragrms/miniconda3/envs/PyCharmMiscProject/lib/python3.12/site-packages/streamlit/elements/lib/utils.py", line 239, in compute_and_register_element_id
    _register_element_id(ctx, element_type, element_id)
  File "/Users/bugragrms/miniconda3/envs/PyCharmMiscProject/lib/python3.12/site-packages/streamlit/elements/lib/utils.py", line 145, in _register_element_id
    raise StreamlitDuplicateElementId(element_type)
streamlit.errors.StreamlitDuplicateElementId: There are multiple `number_input` elements with the same auto-generated ID. When this element is created, it is assigned an internal ID based on the element type and provided parameters. Multiple elements with the same type and parameters will cause this error.

To fix this error, please pass a unique `key` argument to the `number_input` element.

2025-04-17 15:31:51,917 - root - ERROR - HATA (show_filtered_data): There are multiple `number_input` elements with the same auto-generated ID. When this element is created, it is assigned an internal ID based on the element type and provided parameters. Multiple elements with the same type and parameters will cause this error.

To fix this error, please pass a unique `key` argument to the `number_input` element.
Traceback (most recent call last):
  File "/Users/bugragrms/PycharmProjects/Finance-Report/utils/error_handler.py", line 56, in wrapper
    return func(*args, **kwargs)
           ^^^^^^^^^^^^^^^^^^^^^
  File "/Users/bugragrms/PycharmProjects/Finance-Report/utils/data_preview.py", line 53, in show_filtered_data
    page = st.number_input(
           ^^^^^^^^^^^^^^^^
  File "/Users/bugragrms/miniconda3/envs/PyCharmMiscProject/lib/python3.12/site-packages/streamlit/runtime/metrics_util.py", line 410, in wrapped_func
    result = non_optional_func(*args, **kwargs)
             ^^^^^^^^^^^^^^^^^^^^^^^^^^^^^^^^^^
  File "/Users/bugragrms/miniconda3/envs/PyCharmMiscProject/lib/python3.12/site-packages/streamlit/elements/widgets/number_input.py", line 324, in number_input
    return self._number_input(
           ^^^^^^^^^^^^^^^^^^^
  File "/Users/bugragrms/miniconda3/envs/PyCharmMiscProject/lib/python3.12/site-packages/streamlit/elements/widgets/number_input.py", line 371, in _number_input
    element_id = compute_and_register_element_id(
                 ^^^^^^^^^^^^^^^^^^^^^^^^^^^^^^^^
  File "/Users/bugragrms/miniconda3/envs/PyCharmMiscProject/lib/python3.12/site-packages/streamlit/elements/lib/utils.py", line 239, in compute_and_register_element_id
    _register_element_id(ctx, element_type, element_id)
  File "/Users/bugragrms/miniconda3/envs/PyCharmMiscProject/lib/python3.12/site-packages/streamlit/elements/lib/utils.py", line 145, in _register_element_id
    raise StreamlitDuplicateElementId(element_type)
streamlit.errors.StreamlitDuplicateElementId: There are multiple `number_input` elements with the same auto-generated ID. When this element is created, it is assigned an internal ID based on the element type and provided parameters. Multiple elements with the same type and parameters will cause this error.

To fix this error, please pass a unique `key` argument to the `number_input` element.

2025-04-17 15:31:51,920 - root - ERROR - HATA (show_filtered_data): There are multiple `number_input` elements with the same auto-generated ID. When this element is created, it is assigned an internal ID based on the element type and provided parameters. Multiple elements with the same type and parameters will cause this error.

To fix this error, please pass a unique `key` argument to the `number_input` element.
Traceback (most recent call last):
  File "/Users/bugragrms/PycharmProjects/Finance-Report/utils/error_handler.py", line 56, in wrapper
    return func(*args, **kwargs)
           ^^^^^^^^^^^^^^^^^^^^^
  File "/Users/bugragrms/PycharmProjects/Finance-Report/utils/data_preview.py", line 53, in show_filtered_data
    page = st.number_input(
           ^^^^^^^^^^^^^^^^
  File "/Users/bugragrms/miniconda3/envs/PyCharmMiscProject/lib/python3.12/site-packages/streamlit/runtime/metrics_util.py", line 410, in wrapped_func
    result = non_optional_func(*args, **kwargs)
             ^^^^^^^^^^^^^^^^^^^^^^^^^^^^^^^^^^
  File "/Users/bugragrms/miniconda3/envs/PyCharmMiscProject/lib/python3.12/site-packages/streamlit/elements/widgets/number_input.py", line 324, in number_input
    return self._number_input(
           ^^^^^^^^^^^^^^^^^^^
  File "/Users/bugragrms/miniconda3/envs/PyCharmMiscProject/lib/python3.12/site-packages/streamlit/elements/widgets/number_input.py", line 371, in _number_input
    element_id = compute_and_register_element_id(
                 ^^^^^^^^^^^^^^^^^^^^^^^^^^^^^^^^
  File "/Users/bugragrms/miniconda3/envs/PyCharmMiscProject/lib/python3.12/site-packages/streamlit/elements/lib/utils.py", line 239, in compute_and_register_element_id
    _register_element_id(ctx, element_type, element_id)
  File "/Users/bugragrms/miniconda3/envs/PyCharmMiscProject/lib/python3.12/site-packages/streamlit/elements/lib/utils.py", line 145, in _register_element_id
    raise StreamlitDuplicateElementId(element_type)
streamlit.errors.StreamlitDuplicateElementId: There are multiple `number_input` elements with the same auto-generated ID. When this element is created, it is assigned an internal ID based on the element type and provided parameters. Multiple elements with the same type and parameters will cause this error.

To fix this error, please pass a unique `key` argument to the `number_input` element.

2025-04-17 15:31:51,923 - root - ERROR - HATA (show_filtered_data): There are multiple `number_input` elements with the same auto-generated ID. When this element is created, it is assigned an internal ID based on the element type and provided parameters. Multiple elements with the same type and parameters will cause this error.

To fix this error, please pass a unique `key` argument to the `number_input` element.
Traceback (most recent call last):
  File "/Users/bugragrms/PycharmProjects/Finance-Report/utils/error_handler.py", line 56, in wrapper
    return func(*args, **kwargs)
           ^^^^^^^^^^^^^^^^^^^^^
  File "/Users/bugragrms/PycharmProjects/Finance-Report/utils/data_preview.py", line 53, in show_filtered_data
    page = st.number_input(
           ^^^^^^^^^^^^^^^^
  File "/Users/bugragrms/miniconda3/envs/PyCharmMiscProject/lib/python3.12/site-packages/streamlit/runtime/metrics_util.py", line 410, in wrapped_func
    result = non_optional_func(*args, **kwargs)
             ^^^^^^^^^^^^^^^^^^^^^^^^^^^^^^^^^^
  File "/Users/bugragrms/miniconda3/envs/PyCharmMiscProject/lib/python3.12/site-packages/streamlit/elements/widgets/number_input.py", line 324, in number_input
    return self._number_input(
           ^^^^^^^^^^^^^^^^^^^
  File "/Users/bugragrms/miniconda3/envs/PyCharmMiscProject/lib/python3.12/site-packages/streamlit/elements/widgets/number_input.py", line 371, in _number_input
    element_id = compute_and_register_element_id(
                 ^^^^^^^^^^^^^^^^^^^^^^^^^^^^^^^^
  File "/Users/bugragrms/miniconda3/envs/PyCharmMiscProject/lib/python3.12/site-packages/streamlit/elements/lib/utils.py", line 239, in compute_and_register_element_id
    _register_element_id(ctx, element_type, element_id)
  File "/Users/bugragrms/miniconda3/envs/PyCharmMiscProject/lib/python3.12/site-packages/streamlit/elements/lib/utils.py", line 145, in _register_element_id
    raise StreamlitDuplicateElementId(element_type)
streamlit.errors.StreamlitDuplicateElementId: There are multiple `number_input` elements with the same auto-generated ID. When this element is created, it is assigned an internal ID based on the element type and provided parameters. Multiple elements with the same type and parameters will cause this error.

To fix this error, please pass a unique `key` argument to the `number_input` element.

2025-04-17 15:31:51,925 - root - ERROR - HATA (show_filtered_data): There are multiple `number_input` elements with the same auto-generated ID. When this element is created, it is assigned an internal ID based on the element type and provided parameters. Multiple elements with the same type and parameters will cause this error.

To fix this error, please pass a unique `key` argument to the `number_input` element.
Traceback (most recent call last):
  File "/Users/bugragrms/PycharmProjects/Finance-Report/utils/error_handler.py", line 56, in wrapper
    return func(*args, **kwargs)
           ^^^^^^^^^^^^^^^^^^^^^
  File "/Users/bugragrms/PycharmProjects/Finance-Report/utils/data_preview.py", line 53, in show_filtered_data
    page = st.number_input(
           ^^^^^^^^^^^^^^^^
  File "/Users/bugragrms/miniconda3/envs/PyCharmMiscProject/lib/python3.12/site-packages/streamlit/runtime/metrics_util.py", line 410, in wrapped_func
    result = non_optional_func(*args, **kwargs)
             ^^^^^^^^^^^^^^^^^^^^^^^^^^^^^^^^^^
  File "/Users/bugragrms/miniconda3/envs/PyCharmMiscProject/lib/python3.12/site-packages/streamlit/elements/widgets/number_input.py", line 324, in number_input
    return self._number_input(
           ^^^^^^^^^^^^^^^^^^^
  File "/Users/bugragrms/miniconda3/envs/PyCharmMiscProject/lib/python3.12/site-packages/streamlit/elements/widgets/number_input.py", line 371, in _number_input
    element_id = compute_and_register_element_id(
                 ^^^^^^^^^^^^^^^^^^^^^^^^^^^^^^^^
  File "/Users/bugragrms/miniconda3/envs/PyCharmMiscProject/lib/python3.12/site-packages/streamlit/elements/lib/utils.py", line 239, in compute_and_register_element_id
    _register_element_id(ctx, element_type, element_id)
  File "/Users/bugragrms/miniconda3/envs/PyCharmMiscProject/lib/python3.12/site-packages/streamlit/elements/lib/utils.py", line 145, in _register_element_id
    raise StreamlitDuplicateElementId(element_type)
streamlit.errors.StreamlitDuplicateElementId: There are multiple `number_input` elements with the same auto-generated ID. When this element is created, it is assigned an internal ID based on the element type and provided parameters. Multiple elements with the same type and parameters will cause this error.

To fix this error, please pass a unique `key` argument to the `number_input` element.

2025-04-17 15:31:53,133 - root - ERROR - HATA (show_filtered_data): There are multiple `number_input` elements with the same auto-generated ID. When this element is created, it is assigned an internal ID based on the element type and provided parameters. Multiple elements with the same type and parameters will cause this error.

To fix this error, please pass a unique `key` argument to the `number_input` element.
Traceback (most recent call last):
  File "/Users/bugragrms/PycharmProjects/Finance-Report/utils/error_handler.py", line 56, in wrapper
    return func(*args, **kwargs)
           ^^^^^^^^^^^^^^^^^^^^^
  File "/Users/bugragrms/PycharmProjects/Finance-Report/utils/data_preview.py", line 53, in show_filtered_data
    page = st.number_input(
           ^^^^^^^^^^^^^^^^
  File "/Users/bugragrms/miniconda3/envs/PyCharmMiscProject/lib/python3.12/site-packages/streamlit/runtime/metrics_util.py", line 410, in wrapped_func
    result = non_optional_func(*args, **kwargs)
             ^^^^^^^^^^^^^^^^^^^^^^^^^^^^^^^^^^
  File "/Users/bugragrms/miniconda3/envs/PyCharmMiscProject/lib/python3.12/site-packages/streamlit/elements/widgets/number_input.py", line 324, in number_input
    return self._number_input(
           ^^^^^^^^^^^^^^^^^^^
  File "/Users/bugragrms/miniconda3/envs/PyCharmMiscProject/lib/python3.12/site-packages/streamlit/elements/widgets/number_input.py", line 371, in _number_input
    element_id = compute_and_register_element_id(
                 ^^^^^^^^^^^^^^^^^^^^^^^^^^^^^^^^
  File "/Users/bugragrms/miniconda3/envs/PyCharmMiscProject/lib/python3.12/site-packages/streamlit/elements/lib/utils.py", line 239, in compute_and_register_element_id
    _register_element_id(ctx, element_type, element_id)
  File "/Users/bugragrms/miniconda3/envs/PyCharmMiscProject/lib/python3.12/site-packages/streamlit/elements/lib/utils.py", line 145, in _register_element_id
    raise StreamlitDuplicateElementId(element_type)
streamlit.errors.StreamlitDuplicateElementId: There are multiple `number_input` elements with the same auto-generated ID. When this element is created, it is assigned an internal ID based on the element type and provided parameters. Multiple elements with the same type and parameters will cause this error.

To fix this error, please pass a unique `key` argument to the `number_input` element.

2025-04-17 15:31:59,468 - root - ERROR - HATA (show_filtered_data): There are multiple `number_input` elements with the same auto-generated ID. When this element is created, it is assigned an internal ID based on the element type and provided parameters. Multiple elements with the same type and parameters will cause this error.

To fix this error, please pass a unique `key` argument to the `number_input` element.
Traceback (most recent call last):
  File "/Users/bugragrms/PycharmProjects/Finance-Report/utils/error_handler.py", line 56, in wrapper
    return func(*args, **kwargs)
           ^^^^^^^^^^^^^^^^^^^^^
  File "/Users/bugragrms/PycharmProjects/Finance-Report/utils/data_preview.py", line 53, in show_filtered_data
    page = st.number_input(
           ^^^^^^^^^^^^^^^^
  File "/Users/bugragrms/miniconda3/envs/PyCharmMiscProject/lib/python3.12/site-packages/streamlit/runtime/metrics_util.py", line 410, in wrapped_func
    result = non_optional_func(*args, **kwargs)
             ^^^^^^^^^^^^^^^^^^^^^^^^^^^^^^^^^^
  File "/Users/bugragrms/miniconda3/envs/PyCharmMiscProject/lib/python3.12/site-packages/streamlit/elements/widgets/number_input.py", line 324, in number_input
    return self._number_input(
           ^^^^^^^^^^^^^^^^^^^
  File "/Users/bugragrms/miniconda3/envs/PyCharmMiscProject/lib/python3.12/site-packages/streamlit/elements/widgets/number_input.py", line 371, in _number_input
    element_id = compute_and_register_element_id(
                 ^^^^^^^^^^^^^^^^^^^^^^^^^^^^^^^^
  File "/Users/bugragrms/miniconda3/envs/PyCharmMiscProject/lib/python3.12/site-packages/streamlit/elements/lib/utils.py", line 239, in compute_and_register_element_id
    _register_element_id(ctx, element_type, element_id)
  File "/Users/bugragrms/miniconda3/envs/PyCharmMiscProject/lib/python3.12/site-packages/streamlit/elements/lib/utils.py", line 145, in _register_element_id
    raise StreamlitDuplicateElementId(element_type)
streamlit.errors.StreamlitDuplicateElementId: There are multiple `number_input` elements with the same auto-generated ID. When this element is created, it is assigned an internal ID based on the element type and provided parameters. Multiple elements with the same type and parameters will cause this error.

To fix this error, please pass a unique `key` argument to the `number_input` element.

2025-04-17 15:31:59,472 - root - ERROR - HATA (show_filtered_data): There are multiple `number_input` elements with the same auto-generated ID. When this element is created, it is assigned an internal ID based on the element type and provided parameters. Multiple elements with the same type and parameters will cause this error.

To fix this error, please pass a unique `key` argument to the `number_input` element.
Traceback (most recent call last):
  File "/Users/bugragrms/PycharmProjects/Finance-Report/utils/error_handler.py", line 56, in wrapper
    return func(*args, **kwargs)
           ^^^^^^^^^^^^^^^^^^^^^
  File "/Users/bugragrms/PycharmProjects/Finance-Report/utils/data_preview.py", line 53, in show_filtered_data
    page = st.number_input(
           ^^^^^^^^^^^^^^^^
  File "/Users/bugragrms/miniconda3/envs/PyCharmMiscProject/lib/python3.12/site-packages/streamlit/runtime/metrics_util.py", line 410, in wrapped_func
    result = non_optional_func(*args, **kwargs)
             ^^^^^^^^^^^^^^^^^^^^^^^^^^^^^^^^^^
  File "/Users/bugragrms/miniconda3/envs/PyCharmMiscProject/lib/python3.12/site-packages/streamlit/elements/widgets/number_input.py", line 324, in number_input
    return self._number_input(
           ^^^^^^^^^^^^^^^^^^^
  File "/Users/bugragrms/miniconda3/envs/PyCharmMiscProject/lib/python3.12/site-packages/streamlit/elements/widgets/number_input.py", line 371, in _number_input
    element_id = compute_and_register_element_id(
                 ^^^^^^^^^^^^^^^^^^^^^^^^^^^^^^^^
  File "/Users/bugragrms/miniconda3/envs/PyCharmMiscProject/lib/python3.12/site-packages/streamlit/elements/lib/utils.py", line 239, in compute_and_register_element_id
    _register_element_id(ctx, element_type, element_id)
  File "/Users/bugragrms/miniconda3/envs/PyCharmMiscProject/lib/python3.12/site-packages/streamlit/elements/lib/utils.py", line 145, in _register_element_id
    raise StreamlitDuplicateElementId(element_type)
streamlit.errors.StreamlitDuplicateElementId: There are multiple `number_input` elements with the same auto-generated ID. When this element is created, it is assigned an internal ID based on the element type and provided parameters. Multiple elements with the same type and parameters will cause this error.

To fix this error, please pass a unique `key` argument to the `number_input` element.

2025-04-17 15:31:59,474 - root - ERROR - HATA (show_filtered_data): There are multiple `number_input` elements with the same auto-generated ID. When this element is created, it is assigned an internal ID based on the element type and provided parameters. Multiple elements with the same type and parameters will cause this error.

To fix this error, please pass a unique `key` argument to the `number_input` element.
Traceback (most recent call last):
  File "/Users/bugragrms/PycharmProjects/Finance-Report/utils/error_handler.py", line 56, in wrapper
    return func(*args, **kwargs)
           ^^^^^^^^^^^^^^^^^^^^^
  File "/Users/bugragrms/PycharmProjects/Finance-Report/utils/data_preview.py", line 53, in show_filtered_data
    page = st.number_input(
           ^^^^^^^^^^^^^^^^
  File "/Users/bugragrms/miniconda3/envs/PyCharmMiscProject/lib/python3.12/site-packages/streamlit/runtime/metrics_util.py", line 410, in wrapped_func
    result = non_optional_func(*args, **kwargs)
             ^^^^^^^^^^^^^^^^^^^^^^^^^^^^^^^^^^
  File "/Users/bugragrms/miniconda3/envs/PyCharmMiscProject/lib/python3.12/site-packages/streamlit/elements/widgets/number_input.py", line 324, in number_input
    return self._number_input(
           ^^^^^^^^^^^^^^^^^^^
  File "/Users/bugragrms/miniconda3/envs/PyCharmMiscProject/lib/python3.12/site-packages/streamlit/elements/widgets/number_input.py", line 371, in _number_input
    element_id = compute_and_register_element_id(
                 ^^^^^^^^^^^^^^^^^^^^^^^^^^^^^^^^
  File "/Users/bugragrms/miniconda3/envs/PyCharmMiscProject/lib/python3.12/site-packages/streamlit/elements/lib/utils.py", line 239, in compute_and_register_element_id
    _register_element_id(ctx, element_type, element_id)
  File "/Users/bugragrms/miniconda3/envs/PyCharmMiscProject/lib/python3.12/site-packages/streamlit/elements/lib/utils.py", line 145, in _register_element_id
    raise StreamlitDuplicateElementId(element_type)
streamlit.errors.StreamlitDuplicateElementId: There are multiple `number_input` elements with the same auto-generated ID. When this element is created, it is assigned an internal ID based on the element type and provided parameters. Multiple elements with the same type and parameters will cause this error.

To fix this error, please pass a unique `key` argument to the `number_input` element.

2025-04-17 15:31:59,477 - root - ERROR - HATA (show_filtered_data): There are multiple `number_input` elements with the same auto-generated ID. When this element is created, it is assigned an internal ID based on the element type and provided parameters. Multiple elements with the same type and parameters will cause this error.

To fix this error, please pass a unique `key` argument to the `number_input` element.
Traceback (most recent call last):
  File "/Users/bugragrms/PycharmProjects/Finance-Report/utils/error_handler.py", line 56, in wrapper
    return func(*args, **kwargs)
           ^^^^^^^^^^^^^^^^^^^^^
  File "/Users/bugragrms/PycharmProjects/Finance-Report/utils/data_preview.py", line 53, in show_filtered_data
    page = st.number_input(
           ^^^^^^^^^^^^^^^^
  File "/Users/bugragrms/miniconda3/envs/PyCharmMiscProject/lib/python3.12/site-packages/streamlit/runtime/metrics_util.py", line 410, in wrapped_func
    result = non_optional_func(*args, **kwargs)
             ^^^^^^^^^^^^^^^^^^^^^^^^^^^^^^^^^^
  File "/Users/bugragrms/miniconda3/envs/PyCharmMiscProject/lib/python3.12/site-packages/streamlit/elements/widgets/number_input.py", line 324, in number_input
    return self._number_input(
           ^^^^^^^^^^^^^^^^^^^
  File "/Users/bugragrms/miniconda3/envs/PyCharmMiscProject/lib/python3.12/site-packages/streamlit/elements/widgets/number_input.py", line 371, in _number_input
    element_id = compute_and_register_element_id(
                 ^^^^^^^^^^^^^^^^^^^^^^^^^^^^^^^^
  File "/Users/bugragrms/miniconda3/envs/PyCharmMiscProject/lib/python3.12/site-packages/streamlit/elements/lib/utils.py", line 239, in compute_and_register_element_id
    _register_element_id(ctx, element_type, element_id)
  File "/Users/bugragrms/miniconda3/envs/PyCharmMiscProject/lib/python3.12/site-packages/streamlit/elements/lib/utils.py", line 145, in _register_element_id
    raise StreamlitDuplicateElementId(element_type)
streamlit.errors.StreamlitDuplicateElementId: There are multiple `number_input` elements with the same auto-generated ID. When this element is created, it is assigned an internal ID based on the element type and provided parameters. Multiple elements with the same type and parameters will cause this error.

To fix this error, please pass a unique `key` argument to the `number_input` element.

2025-04-17 15:31:59,480 - root - ERROR - HATA (show_filtered_data): There are multiple `number_input` elements with the same auto-generated ID. When this element is created, it is assigned an internal ID based on the element type and provided parameters. Multiple elements with the same type and parameters will cause this error.

To fix this error, please pass a unique `key` argument to the `number_input` element.
Traceback (most recent call last):
  File "/Users/bugragrms/PycharmProjects/Finance-Report/utils/error_handler.py", line 56, in wrapper
    return func(*args, **kwargs)
           ^^^^^^^^^^^^^^^^^^^^^
  File "/Users/bugragrms/PycharmProjects/Finance-Report/utils/data_preview.py", line 53, in show_filtered_data
    page = st.number_input(
           ^^^^^^^^^^^^^^^^
  File "/Users/bugragrms/miniconda3/envs/PyCharmMiscProject/lib/python3.12/site-packages/streamlit/runtime/metrics_util.py", line 410, in wrapped_func
    result = non_optional_func(*args, **kwargs)
             ^^^^^^^^^^^^^^^^^^^^^^^^^^^^^^^^^^
  File "/Users/bugragrms/miniconda3/envs/PyCharmMiscProject/lib/python3.12/site-packages/streamlit/elements/widgets/number_input.py", line 324, in number_input
    return self._number_input(
           ^^^^^^^^^^^^^^^^^^^
  File "/Users/bugragrms/miniconda3/envs/PyCharmMiscProject/lib/python3.12/site-packages/streamlit/elements/widgets/number_input.py", line 371, in _number_input
    element_id = compute_and_register_element_id(
                 ^^^^^^^^^^^^^^^^^^^^^^^^^^^^^^^^
  File "/Users/bugragrms/miniconda3/envs/PyCharmMiscProject/lib/python3.12/site-packages/streamlit/elements/lib/utils.py", line 239, in compute_and_register_element_id
    _register_element_id(ctx, element_type, element_id)
  File "/Users/bugragrms/miniconda3/envs/PyCharmMiscProject/lib/python3.12/site-packages/streamlit/elements/lib/utils.py", line 145, in _register_element_id
    raise StreamlitDuplicateElementId(element_type)
streamlit.errors.StreamlitDuplicateElementId: There are multiple `number_input` elements with the same auto-generated ID. When this element is created, it is assigned an internal ID based on the element type and provided parameters. Multiple elements with the same type and parameters will cause this error.

To fix this error, please pass a unique `key` argument to the `number_input` element.

2025-04-17 15:31:59,482 - root - ERROR - HATA (show_filtered_data): There are multiple `number_input` elements with the same auto-generated ID. When this element is created, it is assigned an internal ID based on the element type and provided parameters. Multiple elements with the same type and parameters will cause this error.

To fix this error, please pass a unique `key` argument to the `number_input` element.
Traceback (most recent call last):
  File "/Users/bugragrms/PycharmProjects/Finance-Report/utils/error_handler.py", line 56, in wrapper
    return func(*args, **kwargs)
           ^^^^^^^^^^^^^^^^^^^^^
  File "/Users/bugragrms/PycharmProjects/Finance-Report/utils/data_preview.py", line 53, in show_filtered_data
    page = st.number_input(
           ^^^^^^^^^^^^^^^^
  File "/Users/bugragrms/miniconda3/envs/PyCharmMiscProject/lib/python3.12/site-packages/streamlit/runtime/metrics_util.py", line 410, in wrapped_func
    result = non_optional_func(*args, **kwargs)
             ^^^^^^^^^^^^^^^^^^^^^^^^^^^^^^^^^^
  File "/Users/bugragrms/miniconda3/envs/PyCharmMiscProject/lib/python3.12/site-packages/streamlit/elements/widgets/number_input.py", line 324, in number_input
    return self._number_input(
           ^^^^^^^^^^^^^^^^^^^
  File "/Users/bugragrms/miniconda3/envs/PyCharmMiscProject/lib/python3.12/site-packages/streamlit/elements/widgets/number_input.py", line 371, in _number_input
    element_id = compute_and_register_element_id(
                 ^^^^^^^^^^^^^^^^^^^^^^^^^^^^^^^^
  File "/Users/bugragrms/miniconda3/envs/PyCharmMiscProject/lib/python3.12/site-packages/streamlit/elements/lib/utils.py", line 239, in compute_and_register_element_id
    _register_element_id(ctx, element_type, element_id)
  File "/Users/bugragrms/miniconda3/envs/PyCharmMiscProject/lib/python3.12/site-packages/streamlit/elements/lib/utils.py", line 145, in _register_element_id
    raise StreamlitDuplicateElementId(element_type)
streamlit.errors.StreamlitDuplicateElementId: There are multiple `number_input` elements with the same auto-generated ID. When this element is created, it is assigned an internal ID based on the element type and provided parameters. Multiple elements with the same type and parameters will cause this error.

To fix this error, please pass a unique `key` argument to the `number_input` element.

2025-04-17 15:31:59,484 - root - ERROR - HATA (show_filtered_data): There are multiple `number_input` elements with the same auto-generated ID. When this element is created, it is assigned an internal ID based on the element type and provided parameters. Multiple elements with the same type and parameters will cause this error.

To fix this error, please pass a unique `key` argument to the `number_input` element.
Traceback (most recent call last):
  File "/Users/bugragrms/PycharmProjects/Finance-Report/utils/error_handler.py", line 56, in wrapper
    return func(*args, **kwargs)
           ^^^^^^^^^^^^^^^^^^^^^
  File "/Users/bugragrms/PycharmProjects/Finance-Report/utils/data_preview.py", line 53, in show_filtered_data
    page = st.number_input(
           ^^^^^^^^^^^^^^^^
  File "/Users/bugragrms/miniconda3/envs/PyCharmMiscProject/lib/python3.12/site-packages/streamlit/runtime/metrics_util.py", line 410, in wrapped_func
    result = non_optional_func(*args, **kwargs)
             ^^^^^^^^^^^^^^^^^^^^^^^^^^^^^^^^^^
  File "/Users/bugragrms/miniconda3/envs/PyCharmMiscProject/lib/python3.12/site-packages/streamlit/elements/widgets/number_input.py", line 324, in number_input
    return self._number_input(
           ^^^^^^^^^^^^^^^^^^^
  File "/Users/bugragrms/miniconda3/envs/PyCharmMiscProject/lib/python3.12/site-packages/streamlit/elements/widgets/number_input.py", line 371, in _number_input
    element_id = compute_and_register_element_id(
                 ^^^^^^^^^^^^^^^^^^^^^^^^^^^^^^^^
  File "/Users/bugragrms/miniconda3/envs/PyCharmMiscProject/lib/python3.12/site-packages/streamlit/elements/lib/utils.py", line 239, in compute_and_register_element_id
    _register_element_id(ctx, element_type, element_id)
  File "/Users/bugragrms/miniconda3/envs/PyCharmMiscProject/lib/python3.12/site-packages/streamlit/elements/lib/utils.py", line 145, in _register_element_id
    raise StreamlitDuplicateElementId(element_type)
streamlit.errors.StreamlitDuplicateElementId: There are multiple `number_input` elements with the same auto-generated ID. When this element is created, it is assigned an internal ID based on the element type and provided parameters. Multiple elements with the same type and parameters will cause this error.

To fix this error, please pass a unique `key` argument to the `number_input` element.

2025-04-17 15:32:00,671 - root - ERROR - HATA (show_filtered_data): The `value` 1 is greater than the `max_value` 0.
Traceback (most recent call last):
  File "/Users/bugragrms/PycharmProjects/Finance-Report/utils/error_handler.py", line 56, in wrapper
    return func(*args, **kwargs)
           ^^^^^^^^^^^^^^^^^^^^^
  File "/Users/bugragrms/PycharmProjects/Finance-Report/utils/data_preview.py", line 53, in show_filtered_data
    page = st.number_input(
           ^^^^^^^^^^^^^^^^
  File "/Users/bugragrms/miniconda3/envs/PyCharmMiscProject/lib/python3.12/site-packages/streamlit/runtime/metrics_util.py", line 410, in wrapped_func
    result = non_optional_func(*args, **kwargs)
             ^^^^^^^^^^^^^^^^^^^^^^^^^^^^^^^^^^
  File "/Users/bugragrms/miniconda3/envs/PyCharmMiscProject/lib/python3.12/site-packages/streamlit/elements/widgets/number_input.py", line 324, in number_input
    return self._number_input(
           ^^^^^^^^^^^^^^^^^^^
  File "/Users/bugragrms/miniconda3/envs/PyCharmMiscProject/lib/python3.12/site-packages/streamlit/elements/widgets/number_input.py", line 460, in _number_input
    raise StreamlitValueAboveMaxError(value=value, max_value=max_value)
streamlit.errors.StreamlitValueAboveMaxError: The `value` 1 is greater than the `max_value` 0.

2025-04-17 15:32:01,432 - root - ERROR - HATA (show_filtered_data): The `value` 1 is greater than the `max_value` 0.
Traceback (most recent call last):
  File "/Users/bugragrms/PycharmProjects/Finance-Report/utils/error_handler.py", line 56, in wrapper
    return func(*args, **kwargs)
           ^^^^^^^^^^^^^^^^^^^^^
  File "/Users/bugragrms/PycharmProjects/Finance-Report/utils/data_preview.py", line 53, in show_filtered_data
    page = st.number_input(
           ^^^^^^^^^^^^^^^^
  File "/Users/bugragrms/miniconda3/envs/PyCharmMiscProject/lib/python3.12/site-packages/streamlit/runtime/metrics_util.py", line 410, in wrapped_func
    result = non_optional_func(*args, **kwargs)
             ^^^^^^^^^^^^^^^^^^^^^^^^^^^^^^^^^^
  File "/Users/bugragrms/miniconda3/envs/PyCharmMiscProject/lib/python3.12/site-packages/streamlit/elements/widgets/number_input.py", line 324, in number_input
    return self._number_input(
           ^^^^^^^^^^^^^^^^^^^
  File "/Users/bugragrms/miniconda3/envs/PyCharmMiscProject/lib/python3.12/site-packages/streamlit/elements/widgets/number_input.py", line 460, in _number_input
    raise StreamlitValueAboveMaxError(value=value, max_value=max_value)
streamlit.errors.StreamlitValueAboveMaxError: The `value` 1 is greater than the `max_value` 0.

2025-04-17 15:32:01,433 - root - ERROR - HATA (show_filtered_data): There are multiple `number_input` elements with the same auto-generated ID. When this element is created, it is assigned an internal ID based on the element type and provided parameters. Multiple elements with the same type and parameters will cause this error.

To fix this error, please pass a unique `key` argument to the `number_input` element.
Traceback (most recent call last):
  File "/Users/bugragrms/PycharmProjects/Finance-Report/utils/error_handler.py", line 56, in wrapper
    return func(*args, **kwargs)
           ^^^^^^^^^^^^^^^^^^^^^
  File "/Users/bugragrms/PycharmProjects/Finance-Report/utils/data_preview.py", line 53, in show_filtered_data
    page = st.number_input(
           ^^^^^^^^^^^^^^^^
  File "/Users/bugragrms/miniconda3/envs/PyCharmMiscProject/lib/python3.12/site-packages/streamlit/runtime/metrics_util.py", line 410, in wrapped_func
    result = non_optional_func(*args, **kwargs)
             ^^^^^^^^^^^^^^^^^^^^^^^^^^^^^^^^^^
  File "/Users/bugragrms/miniconda3/envs/PyCharmMiscProject/lib/python3.12/site-packages/streamlit/elements/widgets/number_input.py", line 324, in number_input
    return self._number_input(
           ^^^^^^^^^^^^^^^^^^^
  File "/Users/bugragrms/miniconda3/envs/PyCharmMiscProject/lib/python3.12/site-packages/streamlit/elements/widgets/number_input.py", line 371, in _number_input
    element_id = compute_and_register_element_id(
                 ^^^^^^^^^^^^^^^^^^^^^^^^^^^^^^^^
  File "/Users/bugragrms/miniconda3/envs/PyCharmMiscProject/lib/python3.12/site-packages/streamlit/elements/lib/utils.py", line 239, in compute_and_register_element_id
    _register_element_id(ctx, element_type, element_id)
  File "/Users/bugragrms/miniconda3/envs/PyCharmMiscProject/lib/python3.12/site-packages/streamlit/elements/lib/utils.py", line 145, in _register_element_id
    raise StreamlitDuplicateElementId(element_type)
streamlit.errors.StreamlitDuplicateElementId: There are multiple `number_input` elements with the same auto-generated ID. When this element is created, it is assigned an internal ID based on the element type and provided parameters. Multiple elements with the same type and parameters will cause this error.

To fix this error, please pass a unique `key` argument to the `number_input` element.

2025-04-17 15:32:01,436 - root - ERROR - HATA (show_filtered_data): There are multiple `number_input` elements with the same auto-generated ID. When this element is created, it is assigned an internal ID based on the element type and provided parameters. Multiple elements with the same type and parameters will cause this error.

To fix this error, please pass a unique `key` argument to the `number_input` element.
Traceback (most recent call last):
  File "/Users/bugragrms/PycharmProjects/Finance-Report/utils/error_handler.py", line 56, in wrapper
    return func(*args, **kwargs)
           ^^^^^^^^^^^^^^^^^^^^^
  File "/Users/bugragrms/PycharmProjects/Finance-Report/utils/data_preview.py", line 53, in show_filtered_data
    page = st.number_input(
           ^^^^^^^^^^^^^^^^
  File "/Users/bugragrms/miniconda3/envs/PyCharmMiscProject/lib/python3.12/site-packages/streamlit/runtime/metrics_util.py", line 410, in wrapped_func
    result = non_optional_func(*args, **kwargs)
             ^^^^^^^^^^^^^^^^^^^^^^^^^^^^^^^^^^
  File "/Users/bugragrms/miniconda3/envs/PyCharmMiscProject/lib/python3.12/site-packages/streamlit/elements/widgets/number_input.py", line 324, in number_input
    return self._number_input(
           ^^^^^^^^^^^^^^^^^^^
  File "/Users/bugragrms/miniconda3/envs/PyCharmMiscProject/lib/python3.12/site-packages/streamlit/elements/widgets/number_input.py", line 371, in _number_input
    element_id = compute_and_register_element_id(
                 ^^^^^^^^^^^^^^^^^^^^^^^^^^^^^^^^
  File "/Users/bugragrms/miniconda3/envs/PyCharmMiscProject/lib/python3.12/site-packages/streamlit/elements/lib/utils.py", line 239, in compute_and_register_element_id
    _register_element_id(ctx, element_type, element_id)
  File "/Users/bugragrms/miniconda3/envs/PyCharmMiscProject/lib/python3.12/site-packages/streamlit/elements/lib/utils.py", line 145, in _register_element_id
    raise StreamlitDuplicateElementId(element_type)
streamlit.errors.StreamlitDuplicateElementId: There are multiple `number_input` elements with the same auto-generated ID. When this element is created, it is assigned an internal ID based on the element type and provided parameters. Multiple elements with the same type and parameters will cause this error.

To fix this error, please pass a unique `key` argument to the `number_input` element.

2025-04-17 15:32:01,438 - root - ERROR - HATA (show_filtered_data): There are multiple `number_input` elements with the same auto-generated ID. When this element is created, it is assigned an internal ID based on the element type and provided parameters. Multiple elements with the same type and parameters will cause this error.

To fix this error, please pass a unique `key` argument to the `number_input` element.
Traceback (most recent call last):
  File "/Users/bugragrms/PycharmProjects/Finance-Report/utils/error_handler.py", line 56, in wrapper
    return func(*args, **kwargs)
           ^^^^^^^^^^^^^^^^^^^^^
  File "/Users/bugragrms/PycharmProjects/Finance-Report/utils/data_preview.py", line 53, in show_filtered_data
    page = st.number_input(
           ^^^^^^^^^^^^^^^^
  File "/Users/bugragrms/miniconda3/envs/PyCharmMiscProject/lib/python3.12/site-packages/streamlit/runtime/metrics_util.py", line 410, in wrapped_func
    result = non_optional_func(*args, **kwargs)
             ^^^^^^^^^^^^^^^^^^^^^^^^^^^^^^^^^^
  File "/Users/bugragrms/miniconda3/envs/PyCharmMiscProject/lib/python3.12/site-packages/streamlit/elements/widgets/number_input.py", line 324, in number_input
    return self._number_input(
           ^^^^^^^^^^^^^^^^^^^
  File "/Users/bugragrms/miniconda3/envs/PyCharmMiscProject/lib/python3.12/site-packages/streamlit/elements/widgets/number_input.py", line 371, in _number_input
    element_id = compute_and_register_element_id(
                 ^^^^^^^^^^^^^^^^^^^^^^^^^^^^^^^^
  File "/Users/bugragrms/miniconda3/envs/PyCharmMiscProject/lib/python3.12/site-packages/streamlit/elements/lib/utils.py", line 239, in compute_and_register_element_id
    _register_element_id(ctx, element_type, element_id)
  File "/Users/bugragrms/miniconda3/envs/PyCharmMiscProject/lib/python3.12/site-packages/streamlit/elements/lib/utils.py", line 145, in _register_element_id
    raise StreamlitDuplicateElementId(element_type)
streamlit.errors.StreamlitDuplicateElementId: There are multiple `number_input` elements with the same auto-generated ID. When this element is created, it is assigned an internal ID based on the element type and provided parameters. Multiple elements with the same type and parameters will cause this error.

To fix this error, please pass a unique `key` argument to the `number_input` element.

2025-04-17 15:32:01,442 - root - ERROR - HATA (show_filtered_data): There are multiple `number_input` elements with the same auto-generated ID. When this element is created, it is assigned an internal ID based on the element type and provided parameters. Multiple elements with the same type and parameters will cause this error.

To fix this error, please pass a unique `key` argument to the `number_input` element.
Traceback (most recent call last):
  File "/Users/bugragrms/PycharmProjects/Finance-Report/utils/error_handler.py", line 56, in wrapper
    return func(*args, **kwargs)
           ^^^^^^^^^^^^^^^^^^^^^
  File "/Users/bugragrms/PycharmProjects/Finance-Report/utils/data_preview.py", line 53, in show_filtered_data
    page = st.number_input(
           ^^^^^^^^^^^^^^^^
  File "/Users/bugragrms/miniconda3/envs/PyCharmMiscProject/lib/python3.12/site-packages/streamlit/runtime/metrics_util.py", line 410, in wrapped_func
    result = non_optional_func(*args, **kwargs)
             ^^^^^^^^^^^^^^^^^^^^^^^^^^^^^^^^^^
  File "/Users/bugragrms/miniconda3/envs/PyCharmMiscProject/lib/python3.12/site-packages/streamlit/elements/widgets/number_input.py", line 324, in number_input
    return self._number_input(
           ^^^^^^^^^^^^^^^^^^^
  File "/Users/bugragrms/miniconda3/envs/PyCharmMiscProject/lib/python3.12/site-packages/streamlit/elements/widgets/number_input.py", line 371, in _number_input
    element_id = compute_and_register_element_id(
                 ^^^^^^^^^^^^^^^^^^^^^^^^^^^^^^^^
  File "/Users/bugragrms/miniconda3/envs/PyCharmMiscProject/lib/python3.12/site-packages/streamlit/elements/lib/utils.py", line 239, in compute_and_register_element_id
    _register_element_id(ctx, element_type, element_id)
  File "/Users/bugragrms/miniconda3/envs/PyCharmMiscProject/lib/python3.12/site-packages/streamlit/elements/lib/utils.py", line 145, in _register_element_id
    raise StreamlitDuplicateElementId(element_type)
streamlit.errors.StreamlitDuplicateElementId: There are multiple `number_input` elements with the same auto-generated ID. When this element is created, it is assigned an internal ID based on the element type and provided parameters. Multiple elements with the same type and parameters will cause this error.

To fix this error, please pass a unique `key` argument to the `number_input` element.

2025-04-17 15:32:01,445 - root - ERROR - HATA (show_filtered_data): There are multiple `number_input` elements with the same auto-generated ID. When this element is created, it is assigned an internal ID based on the element type and provided parameters. Multiple elements with the same type and parameters will cause this error.

To fix this error, please pass a unique `key` argument to the `number_input` element.
Traceback (most recent call last):
  File "/Users/bugragrms/PycharmProjects/Finance-Report/utils/error_handler.py", line 56, in wrapper
    return func(*args, **kwargs)
           ^^^^^^^^^^^^^^^^^^^^^
  File "/Users/bugragrms/PycharmProjects/Finance-Report/utils/data_preview.py", line 53, in show_filtered_data
    page = st.number_input(
           ^^^^^^^^^^^^^^^^
  File "/Users/bugragrms/miniconda3/envs/PyCharmMiscProject/lib/python3.12/site-packages/streamlit/runtime/metrics_util.py", line 410, in wrapped_func
    result = non_optional_func(*args, **kwargs)
             ^^^^^^^^^^^^^^^^^^^^^^^^^^^^^^^^^^
  File "/Users/bugragrms/miniconda3/envs/PyCharmMiscProject/lib/python3.12/site-packages/streamlit/elements/widgets/number_input.py", line 324, in number_input
    return self._number_input(
           ^^^^^^^^^^^^^^^^^^^
  File "/Users/bugragrms/miniconda3/envs/PyCharmMiscProject/lib/python3.12/site-packages/streamlit/elements/widgets/number_input.py", line 371, in _number_input
    element_id = compute_and_register_element_id(
                 ^^^^^^^^^^^^^^^^^^^^^^^^^^^^^^^^
  File "/Users/bugragrms/miniconda3/envs/PyCharmMiscProject/lib/python3.12/site-packages/streamlit/elements/lib/utils.py", line 239, in compute_and_register_element_id
    _register_element_id(ctx, element_type, element_id)
  File "/Users/bugragrms/miniconda3/envs/PyCharmMiscProject/lib/python3.12/site-packages/streamlit/elements/lib/utils.py", line 145, in _register_element_id
    raise StreamlitDuplicateElementId(element_type)
streamlit.errors.StreamlitDuplicateElementId: There are multiple `number_input` elements with the same auto-generated ID. When this element is created, it is assigned an internal ID based on the element type and provided parameters. Multiple elements with the same type and parameters will cause this error.

To fix this error, please pass a unique `key` argument to the `number_input` element.

2025-04-17 15:32:01,448 - root - ERROR - HATA (show_filtered_data): There are multiple `number_input` elements with the same auto-generated ID. When this element is created, it is assigned an internal ID based on the element type and provided parameters. Multiple elements with the same type and parameters will cause this error.

To fix this error, please pass a unique `key` argument to the `number_input` element.
Traceback (most recent call last):
  File "/Users/bugragrms/PycharmProjects/Finance-Report/utils/error_handler.py", line 56, in wrapper
    return func(*args, **kwargs)
           ^^^^^^^^^^^^^^^^^^^^^
  File "/Users/bugragrms/PycharmProjects/Finance-Report/utils/data_preview.py", line 53, in show_filtered_data
    page = st.number_input(
           ^^^^^^^^^^^^^^^^
  File "/Users/bugragrms/miniconda3/envs/PyCharmMiscProject/lib/python3.12/site-packages/streamlit/runtime/metrics_util.py", line 410, in wrapped_func
    result = non_optional_func(*args, **kwargs)
             ^^^^^^^^^^^^^^^^^^^^^^^^^^^^^^^^^^
  File "/Users/bugragrms/miniconda3/envs/PyCharmMiscProject/lib/python3.12/site-packages/streamlit/elements/widgets/number_input.py", line 324, in number_input
    return self._number_input(
           ^^^^^^^^^^^^^^^^^^^
  File "/Users/bugragrms/miniconda3/envs/PyCharmMiscProject/lib/python3.12/site-packages/streamlit/elements/widgets/number_input.py", line 371, in _number_input
    element_id = compute_and_register_element_id(
                 ^^^^^^^^^^^^^^^^^^^^^^^^^^^^^^^^
  File "/Users/bugragrms/miniconda3/envs/PyCharmMiscProject/lib/python3.12/site-packages/streamlit/elements/lib/utils.py", line 239, in compute_and_register_element_id
    _register_element_id(ctx, element_type, element_id)
  File "/Users/bugragrms/miniconda3/envs/PyCharmMiscProject/lib/python3.12/site-packages/streamlit/elements/lib/utils.py", line 145, in _register_element_id
    raise StreamlitDuplicateElementId(element_type)
streamlit.errors.StreamlitDuplicateElementId: There are multiple `number_input` elements with the same auto-generated ID. When this element is created, it is assigned an internal ID based on the element type and provided parameters. Multiple elements with the same type and parameters will cause this error.

To fix this error, please pass a unique `key` argument to the `number_input` element.

2025-04-17 15:32:01,449 - root - ERROR - HATA (show_filtered_data): There are multiple `number_input` elements with the same auto-generated ID. When this element is created, it is assigned an internal ID based on the element type and provided parameters. Multiple elements with the same type and parameters will cause this error.

To fix this error, please pass a unique `key` argument to the `number_input` element.
Traceback (most recent call last):
  File "/Users/bugragrms/PycharmProjects/Finance-Report/utils/error_handler.py", line 56, in wrapper
    return func(*args, **kwargs)
           ^^^^^^^^^^^^^^^^^^^^^
  File "/Users/bugragrms/PycharmProjects/Finance-Report/utils/data_preview.py", line 53, in show_filtered_data
    page = st.number_input(
           ^^^^^^^^^^^^^^^^
  File "/Users/bugragrms/miniconda3/envs/PyCharmMiscProject/lib/python3.12/site-packages/streamlit/runtime/metrics_util.py", line 410, in wrapped_func
    result = non_optional_func(*args, **kwargs)
             ^^^^^^^^^^^^^^^^^^^^^^^^^^^^^^^^^^
  File "/Users/bugragrms/miniconda3/envs/PyCharmMiscProject/lib/python3.12/site-packages/streamlit/elements/widgets/number_input.py", line 324, in number_input
    return self._number_input(
           ^^^^^^^^^^^^^^^^^^^
  File "/Users/bugragrms/miniconda3/envs/PyCharmMiscProject/lib/python3.12/site-packages/streamlit/elements/widgets/number_input.py", line 371, in _number_input
    element_id = compute_and_register_element_id(
                 ^^^^^^^^^^^^^^^^^^^^^^^^^^^^^^^^
  File "/Users/bugragrms/miniconda3/envs/PyCharmMiscProject/lib/python3.12/site-packages/streamlit/elements/lib/utils.py", line 239, in compute_and_register_element_id
    _register_element_id(ctx, element_type, element_id)
  File "/Users/bugragrms/miniconda3/envs/PyCharmMiscProject/lib/python3.12/site-packages/streamlit/elements/lib/utils.py", line 145, in _register_element_id
    raise StreamlitDuplicateElementId(element_type)
streamlit.errors.StreamlitDuplicateElementId: There are multiple `number_input` elements with the same auto-generated ID. When this element is created, it is assigned an internal ID based on the element type and provided parameters. Multiple elements with the same type and parameters will cause this error.

To fix this error, please pass a unique `key` argument to the `number_input` element.

2025-04-17 15:32:02,582 - root - ERROR - HATA (show_filtered_data): There are multiple `number_input` elements with the same auto-generated ID. When this element is created, it is assigned an internal ID based on the element type and provided parameters. Multiple elements with the same type and parameters will cause this error.

To fix this error, please pass a unique `key` argument to the `number_input` element.
Traceback (most recent call last):
  File "/Users/bugragrms/PycharmProjects/Finance-Report/utils/error_handler.py", line 56, in wrapper
    return func(*args, **kwargs)
           ^^^^^^^^^^^^^^^^^^^^^
  File "/Users/bugragrms/PycharmProjects/Finance-Report/utils/data_preview.py", line 53, in show_filtered_data
    page = st.number_input(
           ^^^^^^^^^^^^^^^^
  File "/Users/bugragrms/miniconda3/envs/PyCharmMiscProject/lib/python3.12/site-packages/streamlit/runtime/metrics_util.py", line 410, in wrapped_func
    result = non_optional_func(*args, **kwargs)
             ^^^^^^^^^^^^^^^^^^^^^^^^^^^^^^^^^^
  File "/Users/bugragrms/miniconda3/envs/PyCharmMiscProject/lib/python3.12/site-packages/streamlit/elements/widgets/number_input.py", line 324, in number_input
    return self._number_input(
           ^^^^^^^^^^^^^^^^^^^
  File "/Users/bugragrms/miniconda3/envs/PyCharmMiscProject/lib/python3.12/site-packages/streamlit/elements/widgets/number_input.py", line 371, in _number_input
    element_id = compute_and_register_element_id(
                 ^^^^^^^^^^^^^^^^^^^^^^^^^^^^^^^^
  File "/Users/bugragrms/miniconda3/envs/PyCharmMiscProject/lib/python3.12/site-packages/streamlit/elements/lib/utils.py", line 239, in compute_and_register_element_id
    _register_element_id(ctx, element_type, element_id)
  File "/Users/bugragrms/miniconda3/envs/PyCharmMiscProject/lib/python3.12/site-packages/streamlit/elements/lib/utils.py", line 145, in _register_element_id
    raise StreamlitDuplicateElementId(element_type)
streamlit.errors.StreamlitDuplicateElementId: There are multiple `number_input` elements with the same auto-generated ID. When this element is created, it is assigned an internal ID based on the element type and provided parameters. Multiple elements with the same type and parameters will cause this error.

To fix this error, please pass a unique `key` argument to the `number_input` element.

2025-04-18 10:44:19,560 - root - ERROR - HATA (show_filtered_data): Column() got an unexpected keyword argument 'frozen'
Traceback (most recent call last):
  File "/Users/bugragrms/PycharmProjects/Finance-Report/utils/error_handler.py", line 56, in wrapper
    return func(*args, **kwargs)
           ^^^^^^^^^^^^^^^^^^^^^
  File "/Users/bugragrms/PycharmProjects/Finance-Report/utils/data_preview.py", line 44, in show_filtered_data
    df.columns[1]: st.column_config.Column(
                   ^^^^^^^^^^^^^^^^^^^^^^^^
  File "/Users/bugragrms/miniconda3/envs/PyCharmMiscProject/lib/python3.12/site-packages/streamlit/runtime/metrics_util.py", line 410, in wrapped_func
    result = non_optional_func(*args, **kwargs)
             ^^^^^^^^^^^^^^^^^^^^^^^^^^^^^^^^^^
TypeError: Column() got an unexpected keyword argument 'frozen'

2025-04-18 10:44:19,566 - root - ERROR - HATA (show_filtered_data): Column() got an unexpected keyword argument 'frozen'
Traceback (most recent call last):
  File "/Users/bugragrms/PycharmProjects/Finance-Report/utils/error_handler.py", line 56, in wrapper
    return func(*args, **kwargs)
           ^^^^^^^^^^^^^^^^^^^^^
  File "/Users/bugragrms/PycharmProjects/Finance-Report/utils/data_preview.py", line 57, in show_filtered_data
    df.columns[1]: st.column_config.Column(
                   ^^^^^^^^^^^^^^^^^^^^^^^^
  File "/Users/bugragrms/miniconda3/envs/PyCharmMiscProject/lib/python3.12/site-packages/streamlit/runtime/metrics_util.py", line 410, in wrapped_func
    result = non_optional_func(*args, **kwargs)
             ^^^^^^^^^^^^^^^^^^^^^^^^^^^^^^^^^^
TypeError: Column() got an unexpected keyword argument 'frozen'

2025-04-18 10:44:19,577 - root - ERROR - HATA (show_filtered_data): Column() got an unexpected keyword argument 'frozen'
Traceback (most recent call last):
  File "/Users/bugragrms/PycharmProjects/Finance-Report/utils/error_handler.py", line 56, in wrapper
    return func(*args, **kwargs)
           ^^^^^^^^^^^^^^^^^^^^^
  File "/Users/bugragrms/PycharmProjects/Finance-Report/utils/data_preview.py", line 44, in show_filtered_data
    df.columns[1]: st.column_config.Column(
                   ^^^^^^^^^^^^^^^^^^^^^^^^
  File "/Users/bugragrms/miniconda3/envs/PyCharmMiscProject/lib/python3.12/site-packages/streamlit/runtime/metrics_util.py", line 410, in wrapped_func
    result = non_optional_func(*args, **kwargs)
             ^^^^^^^^^^^^^^^^^^^^^^^^^^^^^^^^^^
TypeError: Column() got an unexpected keyword argument 'frozen'

2025-04-18 10:44:19,580 - root - ERROR - HATA (show_filtered_data): Column() got an unexpected keyword argument 'frozen'
Traceback (most recent call last):
  File "/Users/bugragrms/PycharmProjects/Finance-Report/utils/error_handler.py", line 56, in wrapper
    return func(*args, **kwargs)
           ^^^^^^^^^^^^^^^^^^^^^
  File "/Users/bugragrms/PycharmProjects/Finance-Report/utils/data_preview.py", line 57, in show_filtered_data
    df.columns[1]: st.column_config.Column(
                   ^^^^^^^^^^^^^^^^^^^^^^^^
  File "/Users/bugragrms/miniconda3/envs/PyCharmMiscProject/lib/python3.12/site-packages/streamlit/runtime/metrics_util.py", line 410, in wrapped_func
    result = non_optional_func(*args, **kwargs)
             ^^^^^^^^^^^^^^^^^^^^^^^^^^^^^^^^^^
TypeError: Column() got an unexpected keyword argument 'frozen'

2025-04-18 10:44:19,592 - root - ERROR - HATA (show_filtered_data): Column() got an unexpected keyword argument 'frozen'
Traceback (most recent call last):
  File "/Users/bugragrms/PycharmProjects/Finance-Report/utils/error_handler.py", line 56, in wrapper
    return func(*args, **kwargs)
           ^^^^^^^^^^^^^^^^^^^^^
  File "/Users/bugragrms/PycharmProjects/Finance-Report/utils/data_preview.py", line 44, in show_filtered_data
    df.columns[1]: st.column_config.Column(
                   ^^^^^^^^^^^^^^^^^^^^^^^^
  File "/Users/bugragrms/miniconda3/envs/PyCharmMiscProject/lib/python3.12/site-packages/streamlit/runtime/metrics_util.py", line 410, in wrapped_func
    result = non_optional_func(*args, **kwargs)
             ^^^^^^^^^^^^^^^^^^^^^^^^^^^^^^^^^^
TypeError: Column() got an unexpected keyword argument 'frozen'

2025-04-18 10:44:19,598 - root - ERROR - HATA (show_filtered_data): Column() got an unexpected keyword argument 'frozen'
Traceback (most recent call last):
  File "/Users/bugragrms/PycharmProjects/Finance-Report/utils/error_handler.py", line 56, in wrapper
    return func(*args, **kwargs)
           ^^^^^^^^^^^^^^^^^^^^^
  File "/Users/bugragrms/PycharmProjects/Finance-Report/utils/data_preview.py", line 57, in show_filtered_data
    df.columns[1]: st.column_config.Column(
                   ^^^^^^^^^^^^^^^^^^^^^^^^
  File "/Users/bugragrms/miniconda3/envs/PyCharmMiscProject/lib/python3.12/site-packages/streamlit/runtime/metrics_util.py", line 410, in wrapped_func
    result = non_optional_func(*args, **kwargs)
             ^^^^^^^^^^^^^^^^^^^^^^^^^^^^^^^^^^
TypeError: Column() got an unexpected keyword argument 'frozen'

2025-04-18 10:44:19,608 - root - ERROR - HATA (show_filtered_data): Column() got an unexpected keyword argument 'frozen'
Traceback (most recent call last):
  File "/Users/bugragrms/PycharmProjects/Finance-Report/utils/error_handler.py", line 56, in wrapper
    return func(*args, **kwargs)
           ^^^^^^^^^^^^^^^^^^^^^
  File "/Users/bugragrms/PycharmProjects/Finance-Report/utils/data_preview.py", line 44, in show_filtered_data
    df.columns[1]: st.column_config.Column(
                   ^^^^^^^^^^^^^^^^^^^^^^^^
  File "/Users/bugragrms/miniconda3/envs/PyCharmMiscProject/lib/python3.12/site-packages/streamlit/runtime/metrics_util.py", line 410, in wrapped_func
    result = non_optional_func(*args, **kwargs)
             ^^^^^^^^^^^^^^^^^^^^^^^^^^^^^^^^^^
TypeError: Column() got an unexpected keyword argument 'frozen'

2025-04-18 10:44:19,610 - root - ERROR - HATA (show_filtered_data): Column() got an unexpected keyword argument 'frozen'
Traceback (most recent call last):
  File "/Users/bugragrms/PycharmProjects/Finance-Report/utils/error_handler.py", line 56, in wrapper
    return func(*args, **kwargs)
           ^^^^^^^^^^^^^^^^^^^^^
  File "/Users/bugragrms/PycharmProjects/Finance-Report/utils/data_preview.py", line 57, in show_filtered_data
    df.columns[1]: st.column_config.Column(
                   ^^^^^^^^^^^^^^^^^^^^^^^^
  File "/Users/bugragrms/miniconda3/envs/PyCharmMiscProject/lib/python3.12/site-packages/streamlit/runtime/metrics_util.py", line 410, in wrapped_func
    result = non_optional_func(*args, **kwargs)
             ^^^^^^^^^^^^^^^^^^^^^^^^^^^^^^^^^^
TypeError: Column() got an unexpected keyword argument 'frozen'

2025-04-18 10:44:19,613 - root - ERROR - HATA (show_filtered_data): Column() got an unexpected keyword argument 'frozen'
Traceback (most recent call last):
  File "/Users/bugragrms/PycharmProjects/Finance-Report/utils/error_handler.py", line 56, in wrapper
    return func(*args, **kwargs)
           ^^^^^^^^^^^^^^^^^^^^^
  File "/Users/bugragrms/PycharmProjects/Finance-Report/utils/data_preview.py", line 44, in show_filtered_data
    df.columns[1]: st.column_config.Column(
                   ^^^^^^^^^^^^^^^^^^^^^^^^
  File "/Users/bugragrms/miniconda3/envs/PyCharmMiscProject/lib/python3.12/site-packages/streamlit/runtime/metrics_util.py", line 410, in wrapped_func
    result = non_optional_func(*args, **kwargs)
             ^^^^^^^^^^^^^^^^^^^^^^^^^^^^^^^^^^
TypeError: Column() got an unexpected keyword argument 'frozen'

2025-04-18 10:44:19,617 - root - ERROR - HATA (show_filtered_data): Column() got an unexpected keyword argument 'frozen'
Traceback (most recent call last):
  File "/Users/bugragrms/PycharmProjects/Finance-Report/utils/error_handler.py", line 56, in wrapper
    return func(*args, **kwargs)
           ^^^^^^^^^^^^^^^^^^^^^
  File "/Users/bugragrms/PycharmProjects/Finance-Report/utils/data_preview.py", line 57, in show_filtered_data
    df.columns[1]: st.column_config.Column(
                   ^^^^^^^^^^^^^^^^^^^^^^^^
  File "/Users/bugragrms/miniconda3/envs/PyCharmMiscProject/lib/python3.12/site-packages/streamlit/runtime/metrics_util.py", line 410, in wrapped_func
    result = non_optional_func(*args, **kwargs)
             ^^^^^^^^^^^^^^^^^^^^^^^^^^^^^^^^^^
TypeError: Column() got an unexpected keyword argument 'frozen'

2025-04-18 10:44:20,881 - root - ERROR - HATA (CRITICAL-main): 'NoneType' object has no attribute 'getvalue'
Traceback (most recent call last):
  File "/Users/bugragrms/PycharmProjects/Finance-Report/utils/error_handler.py", line 79, in wrapper
    return func(*args, **kwargs)
           ^^^^^^^^^^^^^^^^^^^^^
  File "/Users/bugragrms/PycharmProjects/Finance-Report/main.py", line 488, in main
    zip_file.writestr("veri.xlsx", excel_buffer.getvalue())
                                   ^^^^^^^^^^^^^^^^^^^^^
AttributeError: 'NoneType' object has no attribute 'getvalue'

2025-04-18 10:56:14,182 - root - ERROR - HATA (show_grouped_summary): show_grouped_summary() got an unexpected keyword argument 'sticky_column'
Traceback (most recent call last):
  File "/Users/bugragrms/PycharmProjects/Finance-Report/utils/error_handler.py", line 56, in wrapper
    return func(*args, **kwargs)
           ^^^^^^^^^^^^^^^^^^^^^
TypeError: show_grouped_summary() got an unexpected keyword argument 'sticky_column'

2025-04-18 10:56:14,380 - root - ERROR - HATA (show_grouped_summary): show_grouped_summary() got an unexpected keyword argument 'sticky_column'
Traceback (most recent call last):
  File "/Users/bugragrms/PycharmProjects/Finance-Report/utils/error_handler.py", line 56, in wrapper
    return func(*args, **kwargs)
           ^^^^^^^^^^^^^^^^^^^^^
TypeError: show_grouped_summary() got an unexpected keyword argument 'sticky_column'

2025-04-18 10:56:19,066 - root - ERROR - HATA (show_grouped_summary): show_grouped_summary() got an unexpected keyword argument 'sticky_column'
Traceback (most recent call last):
  File "/Users/bugragrms/PycharmProjects/Finance-Report/utils/error_handler.py", line 56, in wrapper
    return func(*args, **kwargs)
           ^^^^^^^^^^^^^^^^^^^^^
TypeError: show_grouped_summary() got an unexpected keyword argument 'sticky_column'

2025-04-18 10:56:19,434 - root - ERROR - HATA (show_grouped_summary): show_grouped_summary() got an unexpected keyword argument 'sticky_column'
Traceback (most recent call last):
  File "/Users/bugragrms/PycharmProjects/Finance-Report/utils/error_handler.py", line 56, in wrapper
    return func(*args, **kwargs)
           ^^^^^^^^^^^^^^^^^^^^^
TypeError: show_grouped_summary() got an unexpected keyword argument 'sticky_column'

2025-04-18 10:56:21,236 - root - ERROR - HATA (show_grouped_summary): show_grouped_summary() got an unexpected keyword argument 'sticky_column'
Traceback (most recent call last):
  File "/Users/bugragrms/PycharmProjects/Finance-Report/utils/error_handler.py", line 56, in wrapper
    return func(*args, **kwargs)
           ^^^^^^^^^^^^^^^^^^^^^
TypeError: show_grouped_summary() got an unexpected keyword argument 'sticky_column'

2025-04-18 10:56:22,139 - root - ERROR - HATA (show_grouped_summary): show_grouped_summary() got an unexpected keyword argument 'sticky_column'
Traceback (most recent call last):
  File "/Users/bugragrms/PycharmProjects/Finance-Report/utils/error_handler.py", line 56, in wrapper
    return func(*args, **kwargs)
           ^^^^^^^^^^^^^^^^^^^^^
TypeError: show_grouped_summary() got an unexpected keyword argument 'sticky_column'

